[08/25/2022 14:06:44] Debug: Session id: 05821873-6e2c-4c89-be4f-32acd2a0fa52
[08/25/2022 14:06:44] Debug: Code Processor information: Name :SnowConvert, Version: 7.11.104.0
[08/25/2022 14:06:45] Debug: Getting license
[08/25/2022 14:06:45] Debug: License information
	Status: Failed
	Message: No active license available.
[08/25/2022 14:06:45] Info: Starting to validate parameters
[08/25/2022 14:06:45] Info: Parameters to validate: 
	Execution mode: Conversion
	LICENSE_KEY: a3372138-b87e-4a08-b929-3b48b24c63f1
[08/25/2022 14:06:45] Info: Validation of parameters: Success
[08/25/2022 14:06:45] Debug: Getting code descriptor
[08/25/2022 14:06:45] Debug: Code descriptor information
	Units: 51
	Units type: LOC
	All file bytes: 2141
	All found extensions: .sql,.dml,.ddl,.bteq,.btq,.fl,.fload,.ml,.mload,.mld,.tp,.tpump,.tpt
[08/25/2022 14:06:45] Debug: Calculating fingerprint
[08/25/2022 14:06:45] Debug: Fingerprint information Fingerprint(size=2141,projects=1)
[08/25/2022 14:06:45] Info: Starting to try to validate online license for execution
[08/25/2022 14:06:47] Debug: Getting license
[08/25/2022 14:06:47] Debug: License information
	Status: Failed
	Message: No active license available.
[08/25/2022 14:06:47] Debug: Starting the execution of the controller
[08/25/2022 14:06:48] Debug: Executing the worker: SnowConvert
[08/25/2022 14:07:00] Debug: Finished executing the worker: SnowConvert
[08/25/2022 14:07:02] Info: Controller execution ended
